<?xml version="1.0" encoding="UTF-8"?>
<!-- Generated by org.testng.reporters.JUnitReportReporter -->
<testsuite hostname="LAPTOP-I0DQ47E8" failures="0" tests="3" name="com.tutorialsninja.qa.testcases.Search" time="7.968" errors="0" timestamp="2024-02-01T15:55:07 IST" skipped="0">
  <testcase classname="com.tutorialsninja.qa.testcases.Search" name="verifySearchWithValidProduct" time="2.600"/>
  <testcase classname="com.tutorialsninja.qa.testcases.Search" name="verifySearchWithNonExistingProduct" time="2.708"/>
  <testcase classname="com.tutorialsninja.qa.testcases.Search" name="verifyingSearchWithoutProvidingName" time="2.660"/>
</testsuite> <!-- com.tutorialsninja.qa.testcases.Search -->
